{"component":"rack-builder","first_channel":"SPARE_R03S11C01","level":"\u001b[31merror\u001b[39m","message":"Suspected error in slot assignments - Profinet racks typically start with first IO module in slot 2","rack":"3","service":"main","slot":"11"}
{"component":"rack-builder","first_channel":"SPARE_R03S11C01","level":"\u001b[31merror\u001b[39m","message":"Suspected error in slot assignments - Profinet racks typically start with first IO module in slot 2","rack":"3","service":"main","slot":"11"}
{"component":"rack-builder","first_channel":"SPARE_R03S11C01","level":"\u001b[31merror\u001b[39m","message":"Suspected error in slot assignments - Profinet racks typically start with first IO module in slot 2","rack":"3","service":"main","slot":"11"}
{"component":"rack-builder","first_channel":"SPARE_R03S11C01","level":"\u001b[31merror\u001b[39m","message":"Suspected error in slot assignments - Profinet racks typically start with first IO module in slot 2","rack":"3","service":"main","slot":"11"}
{"component":"rack-builder","first_channel":"SPARE_R03S11C01","level":"\u001b[31merror\u001b[39m","message":"Suspected error in slot assignments - Profinet racks typically start with first IO module in slot 2","rack":"3","service":"main","slot":"11"}
{"component":"rack-builder","first_channel":"SPARE_R03S11C01","level":"\u001b[31merror\u001b[39m","message":"Suspected error in slot assignments - Profinet racks typically start with first IO module in slot 2","rack":"3","service":"main","slot":"11"}
{"component":"rack-builder","first_channel":"SPARE_R03S11C01","level":"\u001b[31merror\u001b[39m","message":"Suspected error in slot assignments - Profinet racks typically start with first IO module in slot 2","rack":"3","service":"main","slot":"11"}
{"component":"rack-builder","first_channel":"SPARE_R03S11C01","level":"\u001b[31merror\u001b[39m","message":"Suspected error in slot assignments - Profinet racks typically start with first IO module in slot 2","rack":"3","service":"main","slot":"11"}
{"component":"rack-builder","first_channel":"SPARE_R03S11C01","level":"\u001b[31merror\u001b[39m","message":"suspected error in slot assignments - Profinet racks typically start with first IO module in slot 2","rack":"3","service":"main","slot":"11"}
{"component":"rack-builder","first_channel":"SPARE_R03S11C01","level":"\u001b[31merror\u001b[39m","message":"suspected error in slot assignments - Profinet racks typically start with first IO module in slot 2","rack":"3","service":"main","slot":"11"}
{"component":"rack-builder","first_channel":"SPARE_R03S11C01","level":"\u001b[31merror\u001b[39m","message":"suspected error in slot assignments - Profinet racks typically start with first IO module in slot 2","rack":"3","service":"main","slot":"11"}
{"component":"rack-builder","first_channel":"SPARE_R03S11C01","level":"\u001b[31merror\u001b[39m","message":"suspected error in slot assignments - Profinet racks typically start with first IO module in slot 2","rack":"3","service":"main","slot":"11"}
{"component":"rack-builder","first_channel":"SPARE_R03S11C01","level":"\u001b[31merror\u001b[39m","message":"suspected error in slot assignments - Profinet racks typically start with first IO module in slot 2","rack":"3","service":"main","slot":"11"}
{"component":"rack-builder","first_channel":"SPARE_R03S11C01","level":"\u001b[31merror\u001b[39m","message":"suspected error in slot assignments - Profinet racks typically start with first IO module in slot 2","rack":"3","service":"main","slot":"11"}
{"component":"rack-builder","first_channel":"SPARE_R03S11C01","level":"\u001b[31merror\u001b[39m","message":"suspected error in slot assignments - Profinet racks typically start with first IO module in slot 2","rack":"3","service":"main","slot":"11"}
{"component":"rack-builder","first_channel":"SPARE_R03S11C01","level":"\u001b[31merror\u001b[39m","message":"suspected error in slot assignments - Profinet racks typically start with first IO module in slot 2","rack":"3","service":"main","slot":"11"}
{"component":"rack-builder","first_channel":"SPARE_R03S11C01","level":"\u001b[31merror\u001b[39m","message":"suspected error in slot assignments - Profinet racks typically start with first IO module in slot 2","rack":"3","service":"main","slot":"11"}
{"component":"rack-builder","level":"\u001b[32minfo\u001b[39m","message":"sorted hw:","service":"main"}
{"component":"rack-builder","first_channel":"SPARE_R03S11C01","level":"\u001b[31merror\u001b[39m","message":"suspected error in slot assignments - Profinet racks typically start with first IO module in slot 2","rack":"3","service":"main","slot":"11"}
{"component":"rack-builder","level":"\u001b[32minfo\u001b[39m","message":"sorted hw: function sortHW(hardwareRacks2) {\n  let sortedHW = {};\n  let racks = [];\n  let slotsInRacks = {};\n  for (const rack in hardwareRacks2) {\n    racks.push(parseInt(rack, 10));\n    slotsInRacks[rack] = [];\n    for (const slot in hardwareRacks2[rack]) {\n      slotsInRacks[rack].push(parseInt(slot, 10));\n    }\n    slotsInRacks[rack].sort((a, b) => {\n      return a - b;\n    });\n  }\n  racks.sort((a, b) => {\n    return a - b;\n  });\n  racks.forEach((rack, rIndex) => {\n    sortedHW[rack] = {};\n    slotsInRacks[rack].forEach((slot, sIndex) => {\n      sortedHW[rack][slot] = hardwareRacks2[rack.toString()][slot.toString()];\n    });\n  });\n  return sortedHW;\n}","service":"main"}
{"component":"rack-builder","first_channel":"SPARE_R03S11C01","level":"\u001b[31merror\u001b[39m","message":"suspected error in slot assignments - Profinet racks typically start with first IO module in slot 2","rack":"3","service":"main","slot":"11"}
{"component":"rack-builder","level":"\u001b[32minfo\u001b[39m","message":"sorted hw: [object Object]","service":"main"}
{"component":"rack-builder","first_channel":"SPARE_R03S11C01","level":"\u001b[31merror\u001b[39m","message":"suspected error in slot assignments - Profinet racks typically start with first IO module in slot 2","rack":"3","service":"main","slot":"11"}
{"component":"rack-builder","first_channel":"SPARE_R03S11C01","level":"\u001b[31merror\u001b[39m","message":"suspected error in slot assignments - Profinet racks typically start with first IO module in slot 2","rack":"3","service":"main","slot":"11"}
{"component":"rack-builder","first_channel":"SPARE_R03S11C01","level":"\u001b[31merror\u001b[39m","message":"suspected error in slot assignments - Profinet racks typically start with first IO module in slot 2","rack":"3","service":"main","slot":"11"}
{"component":"rack-builder","first_channel":"SPARE_R03S11C01","level":"\u001b[31merror\u001b[39m","message":"suspected error in slot assignments - Profinet racks typically start with first IO module in slot 2","rack":"3","service":"main","slot":"11"}
{"component":"rack-builder","first_channel":"SPARE_R03S11C01","level":"\u001b[31merror\u001b[39m","message":"suspected error in slot assignments - Profinet racks typically start with first IO module in slot 2","rack":"3","service":"main","slot":"11"}
{"component":"rack-builder","first_channel":"SPARE_R03S11C01","level":"\u001b[31merror\u001b[39m","message":"suspected error in slot assignments - Profinet racks typically start with first IO module in slot 2","rack":"3","service":"main","slot":"11"}
{"component":"rack-builder","first_channel":"SPARE_R03S11C01","level":"\u001b[31merror\u001b[39m","message":"suspected error in slot assignments - Profinet racks typically start with first IO module in slot 2","rack":"3","service":"main","slot":"11"}
{"aiStart":512,"aiTotalBytes":306,"aoStart":512,"component":"rack-builder","level":"\u001b[31merror\u001b[39m","message":"beginning of ao module addressing must come after all address space reserved by ai modules","service":"main"}
{"aiStart":0,"aiTotalBytes":6,"aoStart":0,"component":"rack-builder","level":"\u001b[31merror\u001b[39m","message":"beginning of do module addressing must come after all address space reserved by di modules","service":"main"}
{"component":"rack-builder","first_channel":"SPARE_R03S11C01","level":"\u001b[31merror\u001b[39m","message":"suspected error in slot assignments - Profinet racks typically start with first IO module in slot 2","rack":"3","service":"main","slot":"11"}
{"component":"rack-builder","first_channel":"SPARE_R03S11C01","level":"\u001b[31merror\u001b[39m","message":"suspected error in slot assignments - Profinet racks typically start with first IO module in slot 2","rack":"3","service":"main","slot":"11"}
{"component":"rack-builder","first_channel":"SPARE_R03S11C01","level":"\u001b[31merror\u001b[39m","message":"suspected error in slot assignments - Profinet racks typically start with first IO module in slot 2","rack":"3","service":"main","slot":"11"}
{"component":"rack-builder","first_channel":"SPARE_R03S11C01","level":"\u001b[31merror\u001b[39m","message":"suspected error in slot assignments - Profinet racks typically start with first IO module in slot 2","rack":"3","service":"main","slot":"11"}
{"component":"rack-builder","first_channel":"SPARE_R03S11C01","level":"\u001b[31merror\u001b[39m","message":"suspected error in slot assignments - Profinet racks typically start with first IO module in slot 2","rack":"3","service":"main","slot":"11"}
{"channel":0,"component":"module-builder","level":"\u001b[31merror\u001b[39m","message":"rack or slot mismatch, channel not assigned","rack":0,"service":"main","slot":0,"tag":"ZSC_2401"}
{"channel":0,"component":"module-builder","level":"\u001b[31merror\u001b[39m","message":"rack or slot mismatch, channel not assigned","rack":0,"service":"main","slot":0,"tag":"ZSC_2402"}
{"channel":0,"component":"module-builder","level":"\u001b[31merror\u001b[39m","message":"rack or slot mismatch, channel not assigned","rack":0,"service":"main","slot":0,"tag":"ZSC_2403"}
{"channel":0,"component":"module-builder","level":"\u001b[31merror\u001b[39m","message":"rack or slot mismatch, channel not assigned","rack":0,"service":"main","slot":0,"tag":"ZSC_2404"}
{"channel":0,"component":"module-builder","level":"\u001b[31merror\u001b[39m","message":"rack or slot mismatch, channel not assigned","rack":0,"service":"main","slot":0,"tag":"ZSC_2405"}
{"channel":0,"component":"module-builder","level":"\u001b[31merror\u001b[39m","message":"rack or slot mismatch, channel not assigned","rack":0,"service":"main","slot":0,"tag":"ZSC_2406"}
{"channel":0,"component":"module-builder","level":"\u001b[31merror\u001b[39m","message":"rack or slot mismatch, channel not assigned","rack":0,"service":"main","slot":0,"tag":"ZSC_2407"}
{"channel":0,"component":"module-builder","level":"\u001b[31merror\u001b[39m","message":"rack or slot mismatch, channel not assigned","rack":0,"service":"main","slot":0,"tag":"ZSC_2408"}
{"channel":0,"component":"module-builder","level":"\u001b[31merror\u001b[39m","message":"rack or slot mismatch, channel not assigned","rack":0,"service":"main","slot":0,"tag":"ZSC_2409"}
{"channel":0,"component":"module-builder","level":"\u001b[31merror\u001b[39m","message":"rack or slot mismatch, channel not assigned","rack":0,"service":"main","slot":0,"tag":"ZSC_2410"}
{"channel":0,"component":"module-builder","level":"\u001b[31merror\u001b[39m","message":"rack or slot mismatch, channel not assigned","rack":0,"service":"main","slot":0,"tag":"ZSC_2421"}
{"channel":0,"component":"module-builder","level":"\u001b[31merror\u001b[39m","message":"rack or slot mismatch, channel not assigned","rack":0,"service":"main","slot":0,"tag":"ZSC_2422"}
{"channel":0,"component":"module-builder","level":"\u001b[31merror\u001b[39m","message":"rack or slot mismatch, channel not assigned","rack":0,"service":"main","slot":0,"tag":"ZSO_2401"}
{"channel":0,"component":"module-builder","level":"\u001b[31merror\u001b[39m","message":"rack or slot mismatch, channel not assigned","rack":0,"service":"main","slot":0,"tag":"ZSO_2402"}
{"channel":0,"component":"module-builder","level":"\u001b[31merror\u001b[39m","message":"rack or slot mismatch, channel not assigned","rack":0,"service":"main","slot":0,"tag":"ZSO_2403"}
{"channel":0,"component":"module-builder","level":"\u001b[31merror\u001b[39m","message":"rack or slot mismatch, channel not assigned","rack":0,"service":"main","slot":0,"tag":"ZSO_2404"}
{"channel":0,"component":"module-builder","level":"\u001b[31merror\u001b[39m","message":"rack or slot mismatch, channel not assigned","rack":0,"service":"main","slot":0,"tag":"ZSO_2405"}
{"channel":0,"component":"module-builder","level":"\u001b[31merror\u001b[39m","message":"rack or slot mismatch, channel not assigned","rack":0,"service":"main","slot":0,"tag":"ZSO_2406"}
{"channel":0,"component":"module-builder","level":"\u001b[31merror\u001b[39m","message":"rack or slot mismatch, channel not assigned","rack":0,"service":"main","slot":0,"tag":"ZSO_2407"}
{"channel":0,"component":"module-builder","level":"\u001b[31merror\u001b[39m","message":"rack or slot mismatch, channel not assigned","rack":0,"service":"main","slot":0,"tag":"ZSO_2408"}
{"channel":0,"component":"module-builder","level":"\u001b[31merror\u001b[39m","message":"rack or slot mismatch, channel not assigned","rack":0,"service":"main","slot":0,"tag":"ZSO_2409"}
{"channel":0,"component":"module-builder","level":"\u001b[31merror\u001b[39m","message":"rack or slot mismatch, channel not assigned","rack":0,"service":"main","slot":0,"tag":"ZSO_2410"}
{"channel":0,"component":"module-builder","level":"\u001b[31merror\u001b[39m","message":"rack or slot mismatch, channel not assigned","rack":0,"service":"main","slot":0,"tag":"ZSO_2421"}
{"channel":0,"component":"module-builder","level":"\u001b[31merror\u001b[39m","message":"rack or slot mismatch, channel not assigned","rack":0,"service":"main","slot":0,"tag":"ZSO_2422"}
{"channel":0,"component":"module-builder","level":"\u001b[31merror\u001b[39m","message":"rack or slot mismatch, channel not assigned","rack":0,"service":"main","slot":0,"tag":"AD_1393S"}
{"channel":0,"component":"module-builder","level":"\u001b[31merror\u001b[39m","message":"rack or slot mismatch, channel not assigned","rack":0,"service":"main","slot":0,"tag":"BF_1390S"}
{"channel":0,"component":"module-builder","level":"\u001b[31merror\u001b[39m","message":"rack or slot mismatch, channel not assigned","rack":0,"service":"main","slot":0,"tag":"BL_1392S"}
{"channel":0,"component":"module-builder","level":"\u001b[31merror\u001b[39m","message":"rack or slot mismatch, channel not assigned","rack":0,"service":"main","slot":0,"tag":"CD_7913S"}
{"channel":0,"component":"module-builder","level":"\u001b[31merror\u001b[39m","message":"rack or slot mismatch, channel not assigned","rack":0,"service":"main","slot":0,"tag":"CD_7915S"}
{"channel":0,"component":"module-builder","level":"\u001b[31merror\u001b[39m","message":"rack or slot mismatch, channel not assigned","rack":0,"service":"main","slot":0,"tag":"CE_1380S"}
{"channel":0,"component":"module-builder","level":"\u001b[31merror\u001b[39m","message":"rack or slot mismatch, channel not assigned","rack":0,"service":"main","slot":0,"tag":"CS_1378S"}
{"channel":0,"component":"module-builder","level":"\u001b[31merror\u001b[39m","message":"rack or slot mismatch, channel not assigned","rack":0,"service":"main","slot":0,"tag":"CS_1395S"}
{"channel":0,"component":"module-builder","level":"\u001b[31merror\u001b[39m","message":"rack or slot mismatch, channel not assigned","rack":0,"service":"main","slot":0,"tag":"FF_1391S"}
{"channel":0,"component":"module-builder","level":"\u001b[31merror\u001b[39m","message":"rack or slot mismatch, channel not assigned","rack":0,"service":"main","slot":0,"tag":"HM_1344S"}
{"channel":0,"component":"module-builder","level":"\u001b[31merror\u001b[39m","message":"rack or slot mismatch, channel not assigned","rack":0,"service":"main","slot":0,"tag":"HM_1354S"}
{"channel":0,"component":"module-builder","level":"\u001b[31merror\u001b[39m","message":"rack or slot mismatch, channel not assigned","rack":0,"service":"main","slot":0,"tag":"HM_1364S"}
{"channel":0,"component":"module-builder","level":"\u001b[31merror\u001b[39m","message":"rack or slot mismatch, channel not assigned","rack":0,"service":"main","slot":0,"tag":"HM_1374S"}
{"channel":0,"component":"module-builder","level":"\u001b[31merror\u001b[39m","message":"rack or slot mismatch, channel not assigned","rack":0,"service":"main","slot":0,"tag":"RV_1342S"}
{"channel":0,"component":"module-builder","level":"\u001b[31merror\u001b[39m","message":"rack or slot mismatch, channel not assigned","rack":0,"service":"main","slot":0,"tag":"RV_1352S"}
{"channel":0,"component":"module-builder","level":"\u001b[31merror\u001b[39m","message":"rack or slot mismatch, channel not assigned","rack":0,"service":"main","slot":0,"tag":"RV_1362S"}
{"channel":0,"component":"module-builder","level":"\u001b[31merror\u001b[39m","message":"rack or slot mismatch, channel not assigned","rack":0,"service":"main","slot":0,"tag":"RV_1372S"}
{"channel":0,"component":"module-builder","level":"\u001b[31merror\u001b[39m","message":"rack or slot mismatch, channel not assigned","rack":0,"service":"main","slot":0,"tag":"RV_1396S"}
{"channel":0,"component":"module-builder","level":"\u001b[31merror\u001b[39m","message":"rack or slot mismatch, channel not assigned","rack":0,"service":"main","slot":0,"tag":"SPARE_R01S19C03"}
{"channel":0,"component":"module-builder","level":"\u001b[31merror\u001b[39m","message":"rack or slot mismatch, channel not assigned","rack":0,"service":"main","slot":0,"tag":"SPARE_R01S19C04"}
{"channel":0,"component":"module-builder","level":"\u001b[31merror\u001b[39m","message":"rack or slot mismatch, channel not assigned","rack":0,"service":"main","slot":0,"tag":"SPARE_R01S19C07"}
{"channel":0,"component":"module-builder","level":"\u001b[31merror\u001b[39m","message":"rack or slot mismatch, channel not assigned","rack":0,"service":"main","slot":0,"tag":"SPARE_R01S19C08"}
{"channel":0,"component":"module-builder","level":"\u001b[31merror\u001b[39m","message":"rack or slot mismatch, channel not assigned","rack":0,"service":"main","slot":0,"tag":"SPARE_R01S19C11"}
{"channel":0,"component":"module-builder","level":"\u001b[31merror\u001b[39m","message":"rack or slot mismatch, channel not assigned","rack":0,"service":"main","slot":0,"tag":"SPARE_R01S19C12"}
{"channel":0,"component":"module-builder","level":"\u001b[31merror\u001b[39m","message":"rack or slot mismatch, channel not assigned","rack":0,"service":"main","slot":0,"tag":"SPARE_R01S19C15"}
{"channel":0,"component":"module-builder","level":"\u001b[31merror\u001b[39m","message":"rack or slot mismatch, channel not assigned","rack":0,"service":"main","slot":0,"tag":"SPARE_R01S19C16"}
{"channel":0,"component":"module-builder","level":"\u001b[31merror\u001b[39m","message":"rack or slot mismatch, channel not assigned","rack":0,"service":"main","slot":0,"tag":"TR_8610"}
{"channel":0,"component":"module-builder","level":"\u001b[31merror\u001b[39m","message":"rack or slot mismatch, channel not assigned","rack":0,"service":"main","slot":0,"tag":"ZSC_2401"}
{"channel":0,"component":"module-builder","level":"\u001b[31merror\u001b[39m","message":"rack or slot mismatch, channel not assigned","rack":0,"service":"main","slot":0,"tag":"ZSC_2402"}
{"channel":0,"component":"module-builder","level":"\u001b[31merror\u001b[39m","message":"rack or slot mismatch, channel not assigned","rack":0,"service":"main","slot":0,"tag":"ZSC_2403"}
{"channel":0,"component":"module-builder","level":"\u001b[31merror\u001b[39m","message":"rack or slot mismatch, channel not assigned","rack":0,"service":"main","slot":0,"tag":"ZSC_2404"}
{"channel":0,"component":"module-builder","level":"\u001b[31merror\u001b[39m","message":"rack or slot mismatch, channel not assigned","rack":0,"service":"main","slot":0,"tag":"ZSC_2405"}
{"channel":0,"component":"module-builder","level":"\u001b[31merror\u001b[39m","message":"rack or slot mismatch, channel not assigned","rack":0,"service":"main","slot":0,"tag":"ZSC_2406"}
{"channel":0,"component":"module-builder","level":"\u001b[31merror\u001b[39m","message":"rack or slot mismatch, channel not assigned","rack":0,"service":"main","slot":0,"tag":"ZSC_2407"}
{"channel":0,"component":"module-builder","level":"\u001b[31merror\u001b[39m","message":"rack or slot mismatch, channel not assigned","rack":0,"service":"main","slot":0,"tag":"ZSC_2408"}
{"channel":0,"component":"module-builder","level":"\u001b[31merror\u001b[39m","message":"rack or slot mismatch, channel not assigned","rack":0,"service":"main","slot":0,"tag":"ZSC_2409"}
{"channel":0,"component":"module-builder","level":"\u001b[31merror\u001b[39m","message":"rack or slot mismatch, channel not assigned","rack":0,"service":"main","slot":0,"tag":"ZSC_2410"}
{"channel":0,"component":"module-builder","level":"\u001b[31merror\u001b[39m","message":"rack or slot mismatch, channel not assigned","rack":0,"service":"main","slot":0,"tag":"ZSC_2421"}
{"channel":0,"component":"module-builder","level":"\u001b[31merror\u001b[39m","message":"rack or slot mismatch, channel not assigned","rack":0,"service":"main","slot":0,"tag":"ZSC_2422"}
{"channel":0,"component":"module-builder","level":"\u001b[31merror\u001b[39m","message":"rack or slot mismatch, channel not assigned","rack":0,"service":"main","slot":0,"tag":"ZSO_2401"}
{"channel":0,"component":"module-builder","level":"\u001b[31merror\u001b[39m","message":"rack or slot mismatch, channel not assigned","rack":0,"service":"main","slot":0,"tag":"ZSO_2402"}
{"channel":0,"component":"module-builder","level":"\u001b[31merror\u001b[39m","message":"rack or slot mismatch, channel not assigned","rack":0,"service":"main","slot":0,"tag":"ZSO_2403"}
{"channel":0,"component":"module-builder","level":"\u001b[31merror\u001b[39m","message":"rack or slot mismatch, channel not assigned","rack":0,"service":"main","slot":0,"tag":"ZSO_2404"}
{"channel":0,"component":"module-builder","level":"\u001b[31merror\u001b[39m","message":"rack or slot mismatch, channel not assigned","rack":0,"service":"main","slot":0,"tag":"ZSO_2405"}
{"channel":0,"component":"module-builder","level":"\u001b[31merror\u001b[39m","message":"rack or slot mismatch, channel not assigned","rack":0,"service":"main","slot":0,"tag":"ZSO_2406"}
{"channel":0,"component":"module-builder","level":"\u001b[31merror\u001b[39m","message":"rack or slot mismatch, channel not assigned","rack":0,"service":"main","slot":0,"tag":"ZSO_2407"}
{"channel":0,"component":"module-builder","level":"\u001b[31merror\u001b[39m","message":"rack or slot mismatch, channel not assigned","rack":0,"service":"main","slot":0,"tag":"ZSO_2408"}
{"channel":0,"component":"module-builder","level":"\u001b[31merror\u001b[39m","message":"rack or slot mismatch, channel not assigned","rack":0,"service":"main","slot":0,"tag":"ZSO_2409"}
{"channel":0,"component":"module-builder","level":"\u001b[31merror\u001b[39m","message":"rack or slot mismatch, channel not assigned","rack":0,"service":"main","slot":0,"tag":"ZSO_2410"}
{"channel":0,"component":"module-builder","level":"\u001b[31merror\u001b[39m","message":"rack or slot mismatch, channel not assigned","rack":0,"service":"main","slot":0,"tag":"ZSO_2421"}
{"channel":0,"component":"module-builder","level":"\u001b[31merror\u001b[39m","message":"rack or slot mismatch, channel not assigned","rack":0,"service":"main","slot":0,"tag":"ZSO_2422"}
{"channel":0,"component":"module-builder","level":"\u001b[31merror\u001b[39m","message":"rack or slot mismatch, channel not assigned","rack":0,"service":"main","slot":0,"tag":"AD_1393S"}
{"channel":0,"component":"module-builder","level":"\u001b[31merror\u001b[39m","message":"rack or slot mismatch, channel not assigned","rack":0,"service":"main","slot":0,"tag":"BF_1390S"}
{"channel":0,"component":"module-builder","level":"\u001b[31merror\u001b[39m","message":"rack or slot mismatch, channel not assigned","rack":0,"service":"main","slot":0,"tag":"BL_1392S"}
{"channel":0,"component":"module-builder","level":"\u001b[31merror\u001b[39m","message":"rack or slot mismatch, channel not assigned","rack":0,"service":"main","slot":0,"tag":"CD_7913S"}
{"channel":0,"component":"module-builder","level":"\u001b[31merror\u001b[39m","message":"rack or slot mismatch, channel not assigned","rack":0,"service":"main","slot":0,"tag":"CD_7915S"}
{"channel":0,"component":"module-builder","level":"\u001b[31merror\u001b[39m","message":"rack or slot mismatch, channel not assigned","rack":0,"service":"main","slot":0,"tag":"CE_1380S"}
{"channel":0,"component":"module-builder","level":"\u001b[31merror\u001b[39m","message":"rack or slot mismatch, channel not assigned","rack":0,"service":"main","slot":0,"tag":"CS_1378S"}
{"channel":0,"component":"module-builder","level":"\u001b[31merror\u001b[39m","message":"rack or slot mismatch, channel not assigned","rack":0,"service":"main","slot":0,"tag":"CS_1395S"}
{"channel":0,"component":"module-builder","level":"\u001b[31merror\u001b[39m","message":"rack or slot mismatch, channel not assigned","rack":0,"service":"main","slot":0,"tag":"FF_1391S"}
{"channel":0,"component":"module-builder","level":"\u001b[31merror\u001b[39m","message":"rack or slot mismatch, channel not assigned","rack":0,"service":"main","slot":0,"tag":"HM_1344S"}
{"channel":0,"component":"module-builder","level":"\u001b[31merror\u001b[39m","message":"rack or slot mismatch, channel not assigned","rack":0,"service":"main","slot":0,"tag":"HM_1354S"}
{"channel":0,"component":"module-builder","level":"\u001b[31merror\u001b[39m","message":"rack or slot mismatch, channel not assigned","rack":0,"service":"main","slot":0,"tag":"HM_1364S"}
{"channel":0,"component":"module-builder","level":"\u001b[31merror\u001b[39m","message":"rack or slot mismatch, channel not assigned","rack":0,"service":"main","slot":0,"tag":"HM_1374S"}
{"channel":0,"component":"module-builder","level":"\u001b[31merror\u001b[39m","message":"rack or slot mismatch, channel not assigned","rack":0,"service":"main","slot":0,"tag":"RV_1342S"}
{"channel":0,"component":"module-builder","level":"\u001b[31merror\u001b[39m","message":"rack or slot mismatch, channel not assigned","rack":0,"service":"main","slot":0,"tag":"RV_1352S"}
{"channel":0,"component":"module-builder","level":"\u001b[31merror\u001b[39m","message":"rack or slot mismatch, channel not assigned","rack":0,"service":"main","slot":0,"tag":"RV_1362S"}
{"channel":0,"component":"module-builder","level":"\u001b[31merror\u001b[39m","message":"rack or slot mismatch, channel not assigned","rack":0,"service":"main","slot":0,"tag":"RV_1372S"}
{"channel":0,"component":"module-builder","level":"\u001b[31merror\u001b[39m","message":"rack or slot mismatch, channel not assigned","rack":0,"service":"main","slot":0,"tag":"RV_1396S"}
{"channel":0,"component":"module-builder","level":"\u001b[31merror\u001b[39m","message":"rack or slot mismatch, channel not assigned","rack":0,"service":"main","slot":0,"tag":"SPARE_R01S19C03"}
{"channel":0,"component":"module-builder","level":"\u001b[31merror\u001b[39m","message":"rack or slot mismatch, channel not assigned","rack":0,"service":"main","slot":0,"tag":"SPARE_R01S19C04"}
{"channel":0,"component":"module-builder","level":"\u001b[31merror\u001b[39m","message":"rack or slot mismatch, channel not assigned","rack":0,"service":"main","slot":0,"tag":"SPARE_R01S19C07"}
{"channel":0,"component":"module-builder","level":"\u001b[31merror\u001b[39m","message":"rack or slot mismatch, channel not assigned","rack":0,"service":"main","slot":0,"tag":"SPARE_R01S19C08"}
{"channel":0,"component":"module-builder","level":"\u001b[31merror\u001b[39m","message":"rack or slot mismatch, channel not assigned","rack":0,"service":"main","slot":0,"tag":"SPARE_R01S19C11"}
{"channel":0,"component":"module-builder","level":"\u001b[31merror\u001b[39m","message":"rack or slot mismatch, channel not assigned","rack":0,"service":"main","slot":0,"tag":"SPARE_R01S19C12"}
{"channel":0,"component":"module-builder","level":"\u001b[31merror\u001b[39m","message":"rack or slot mismatch, channel not assigned","rack":0,"service":"main","slot":0,"tag":"SPARE_R01S19C15"}
{"channel":0,"component":"module-builder","level":"\u001b[31merror\u001b[39m","message":"rack or slot mismatch, channel not assigned","rack":0,"service":"main","slot":0,"tag":"SPARE_R01S19C16"}
{"channel":0,"component":"module-builder","level":"\u001b[31merror\u001b[39m","message":"rack or slot mismatch, channel not assigned","rack":0,"service":"main","slot":0,"tag":"TR_8610"}
